-------------------------------------------------------------------------------
Test set: edu.eci.cosw.samples.SpringDataRestApiApplicationTests
-------------------------------------------------------------------------------
Tests run: 6, Failures: 1, Errors: 0, Skipped: 0, Time elapsed: 10.801 sec <<< FAILURE! - in edu.eci.cosw.samples.SpringDataRestApiApplicationTests
noPacientesNconsultas(edu.eci.cosw.samples.SpringDataRestApiApplicationTests)  Time elapsed: 0.062 sec  <<< FAILURE!
java.lang.AssertionError: null
	at org.junit.Assert.fail(Assert.java:86)
	at org.junit.Assert.assertTrue(Assert.java:41)
	at org.junit.Assert.assertTrue(Assert.java:52)
	at edu.eci.cosw.samples.SpringDataRestApiApplicationTests.noPacientesNconsultas(SpringDataRestApiApplicationTests.java:75)

