<?xml version="1.0" encoding="UTF-8"?>
<testsuite name="edu.eci.cosw.samples.SpringDataRestApiApplicationTests" time="0.437" tests="6" errors="0" skipped="0" failures="1">
  <properties>
[...]
</properties>
  <testcase name="registro3pacientes" classname="edu.eci.cosw.samples.SpringDataRestApiApplicationTests" time="0.328"/>
  <testcase name="consultarPacienteNoExistente" classname="edu.eci.cosw.samples.SpringDataRestApiApplicationTests" time="0.047"/>
  <testcase name="noPacientesNconsultas" classname="edu.eci.cosw.samples.SpringDataRestApiApplicationTests" time="0.062">
    <failure type="java.lang.AssertionError:">java.lang.AssertionError: null
	at org.junit.Assert.fail(Assert.java:86)
	at org.junit.Assert.assertTrue(Assert.java:41)
	at org.junit.Assert.assertTrue(Assert.java:52)
	at edu.eci.cosw.samples.SpringDataRestApiApplicationTests.noPacientesNconsultas(SpringDataRestApiApplicationTests.java:75)
</failure>
    <system-out><![CDATA[2017-02-28 20:00:25.736 DEBUG 5112 --- [           main] org.hibernate.SQL                        : select paciente0_.id as id1_1_1_, paciente0_.tipo_id as tipo_id2_1_1_, paciente0_.fecha_nacimiento as fecha_na3_1_1_, paciente0_.nombre as nombre4_1_1_, consultas1_.PACIENTES_id as PACIENTE4_0_3_, consultas1_.PACIENTES_tipo_id as PACIENTE5_0_3_, consultas1_.idConsultas as idConsul1_0_3_, consultas1_.idConsultas as idConsul1_0_0_, consultas1_.fecha_y_hora as fecha_y_2_0_0_, consultas1_.resumen as resumen3_0_0_ from PACIENTES paciente0_ left outer join CONSULTAS consultas1_ on paciente0_.id=consultas1_.PACIENTES_id and paciente0_.tipo_id=consultas1_.PACIENTES_tipo_id where paciente0_.id=? and paciente0_.tipo_id=?
Hibernate: select paciente0_.id as id1_1_1_, paciente0_.tipo_id as tipo_id2_1_1_, paciente0_.fecha_nacimiento as fecha_na3_1_1_, paciente0_.nombre as nombre4_1_1_, consultas1_.PACIENTES_id as PACIENTE4_0_3_, consultas1_.PACIENTES_tipo_id as PACIENTE5_0_3_, consultas1_.idConsultas as idConsul1_0_3_, consultas1_.idConsultas as idConsul1_0_0_, consultas1_.fecha_y_hora as fecha_y_2_0_0_, consultas1_.resumen as resumen3_0_0_ from PACIENTES paciente0_ left outer join CONSULTAS consultas1_ on paciente0_.id=consultas1_.PACIENTES_id and paciente0_.tipo_id=consultas1_.PACIENTES_tipo_id where paciente0_.id=? and paciente0_.tipo_id=?
2017-02-28 20:00:25.736 TRACE 5112 --- [           main] o.h.type.descriptor.sql.BasicBinder      : binding parameter [1] as [INTEGER] - [1072658]
2017-02-28 20:00:25.736 TRACE 5112 --- [           main] o.h.type.descriptor.sql.BasicBinder      : binding parameter [2] as [VARCHAR] - [cc]
2017-02-28 20:00:25.736 DEBUG 5112 --- [           main] org.hibernate.SQL                        : insert into PACIENTES (fecha_nacimiento, nombre, id, tipo_id) values (?, ?, ?, ?)
Hibernate: insert into PACIENTES (fecha_nacimiento, nombre, id, tipo_id) values (?, ?, ?, ?)
2017-02-28 20:00:25.736 TRACE 5112 --- [           main] o.h.type.descriptor.sql.BasicBinder      : binding parameter [1] as [DATE] - [Tue Feb 28 20:00:25 COT 2017]
2017-02-28 20:00:25.752 TRACE 5112 --- [           main] o.h.type.descriptor.sql.BasicBinder      : binding parameter [2] as [VARCHAR] - [Deivan Oliva]
2017-02-28 20:00:25.752 TRACE 5112 --- [           main] o.h.type.descriptor.sql.BasicBinder      : binding parameter [3] as [INTEGER] - [1072658]
2017-02-28 20:00:25.752 TRACE 5112 --- [           main] o.h.type.descriptor.sql.BasicBinder      : binding parameter [4] as [VARCHAR] - [cc]
2017-02-28 20:00:25.752 DEBUG 5112 --- [           main] org.hibernate.SQL                        : insert into CONSULTAS (idConsultas, fecha_y_hora, resumen, PACIENTES_id, PACIENTES_tipo_id) values (null, ?, ?, ?, ?)
Hibernate: insert into CONSULTAS (idConsultas, fecha_y_hora, resumen, PACIENTES_id, PACIENTES_tipo_id) values (null, ?, ?, ?, ?)
2017-02-28 20:00:25.752 TRACE 5112 --- [           main] o.h.type.descriptor.sql.BasicBinder      : binding parameter [1] as [TIMESTAMP] - [Tue Feb 28 20:00:25 COT 2017]
2017-02-28 20:00:25.752 TRACE 5112 --- [           main] o.h.type.descriptor.sql.BasicBinder      : binding parameter [2] as [VARCHAR] - [PRONTO A MORIR JAJAJA]
2017-02-28 20:00:25.752 TRACE 5112 --- [           main] o.h.type.descriptor.sql.BasicBinder      : binding parameter [3] as [INTEGER] - [1072658]
2017-02-28 20:00:25.752 TRACE 5112 --- [           main] o.h.type.descriptor.sql.BasicBinder      : binding parameter [4] as [VARCHAR] - [cc]
2017-02-28 20:00:25.752 DEBUG 5112 --- [           main] org.hibernate.SQL                        : update CONSULTAS set PACIENTES_id=?, PACIENTES_tipo_id=? where idConsultas=?
Hibernate: update CONSULTAS set PACIENTES_id=?, PACIENTES_tipo_id=? where idConsultas=?
2017-02-28 20:00:25.752 TRACE 5112 --- [           main] o.h.type.descriptor.sql.BasicBinder      : binding parameter [1] as [INTEGER] - [1072658]
2017-02-28 20:00:25.752 TRACE 5112 --- [           main] o.h.type.descriptor.sql.BasicBinder      : binding parameter [2] as [VARCHAR] - [cc]
2017-02-28 20:00:25.752 TRACE 5112 --- [           main] o.h.type.descriptor.sql.BasicBinder      : binding parameter [3] as [INTEGER] - [4]
2017-02-28 20:00:25.752 DEBUG 5112 --- [           main] org.hibernate.SQL                        : select paciente0_.id as id1_1_, paciente0_.tipo_id as tipo_id2_1_, paciente0_.fecha_nacimiento as fecha_na3_1_, paciente0_.nombre as nombre4_1_ from PACIENTES paciente0_ where (select count(consultas1_.PACIENTES_id) from CONSULTAS consultas1_ where paciente0_.id=consultas1_.PACIENTES_id and paciente0_.tipo_id=consultas1_.PACIENTES_tipo_id)>=?
Hibernate: select paciente0_.id as id1_1_, paciente0_.tipo_id as tipo_id2_1_, paciente0_.fecha_nacimiento as fecha_na3_1_, paciente0_.nombre as nombre4_1_ from PACIENTES paciente0_ where (select count(consultas1_.PACIENTES_id) from CONSULTAS consultas1_ where paciente0_.id=consultas1_.PACIENTES_id and paciente0_.tipo_id=consultas1_.PACIENTES_tipo_id)>=?
2017-02-28 20:00:25.752 TRACE 5112 --- [           main] o.h.type.descriptor.sql.BasicBinder      : binding parameter [1] as [INTEGER] - [2]
]]></system-out>
  </testcase>
  <testcase name="contextLoads" classname="edu.eci.cosw.samples.SpringDataRestApiApplicationTests" time="0"/>
  <testcase name="consultarPacienteExistente" classname="edu.eci.cosw.samples.SpringDataRestApiApplicationTests" time="0"/>
  <testcase name="patientLoadTest" classname="edu.eci.cosw.samples.SpringDataRestApiApplicationTests" time="0"/>
</testsuite>